<?xml version="1.0" encoding="UTF-8"?>
<testsuite name="com.sg.moviesindex.ExampleUnitTest" tests="1" skipped="0" failures="0" errors="0" timestamp="2023-11-28T19:55:45" hostname="HOME-PC" time="0.004">
  <properties/>
  <testcase name="addition_isCorrect" classname="com.sg.moviesindex.ExampleUnitTest" time="0.004"/>
  <system-out><![CDATA[]]></system-out>
  <system-err><![CDATA[]]></system-err>
</testsuite>
